{"/Users/joaquinricci/Desktop/NotCo/thenotcompany/triagio/components/LoadingPage.vue": {"path":"/Users/joaquinricci/Desktop/NotCo/thenotcompany/triagio/components/LoadingPage.vue","statementMap":{},"fnMap":{},"branchMap":{},"s":{},"f":{},"b":{}}
,"/Users/joaquinricci/Desktop/NotCo/thenotcompany/triagio/components/layouts/AppBar.vue": {"path":"/Users/joaquinricci/Desktop/NotCo/thenotcompany/triagio/components/layouts/AppBar.vue","statementMap":{"0":{"start":{"line":28,"column":0},"end":{"line":30,"column":null}}},"fnMap":{"0":{"name":"(anonymous_0)","decl":{"start":{"line":27,"column":0},"end":{"line":27,"column":null}},"loc":{"start":{"line":27,"column":0},"end":{"line":31,"column":null}}}},"branchMap":{},"s":{"0":1},"f":{"0":1},"b":{}}
,"/Users/joaquinricci/Desktop/NotCo/thenotcompany/triagio/components/layouts/AppFooter.vue": {"path":"/Users/joaquinricci/Desktop/NotCo/thenotcompany/triagio/components/layouts/AppFooter.vue","statementMap":{},"fnMap":{},"branchMap":{},"s":{},"f":{},"b":{}}
,"/Users/joaquinricci/Desktop/NotCo/thenotcompany/triagio/components/layouts/AppNotifications.vue": {"path":"/Users/joaquinricci/Desktop/NotCo/thenotcompany/triagio/components/layouts/AppNotifications.vue","statementMap":{"0":{"start":{"line":59,"column":0},"end":{"line":59,"column":null}},"1":{"start":{"line":60,"column":0},"end":{"line":63,"column":null}},"2":{"start":{"line":61,"column":0},"end":{"line":61,"column":null}},"3":{"start":{"line":62,"column":0},"end":{"line":62,"column":null}},"4":{"start":{"line":64,"column":0},"end":{"line":64,"column":null}},"5":{"start":{"line":65,"column":0},"end":{"line":65,"column":null}},"6":{"start":{"line":66,"column":0},"end":{"line":66,"column":null}},"7":{"start":{"line":67,"column":0},"end":{"line":67,"column":null}},"8":{"start":{"line":68,"column":0},"end":{"line":68,"column":null}},"9":{"start":{"line":69,"column":0},"end":{"line":69,"column":null}},"10":{"start":{"line":70,"column":0},"end":{"line":70,"column":null}},"11":{"start":{"line":71,"column":0},"end":{"line":71,"column":null}},"12":{"start":{"line":72,"column":0},"end":{"line":72,"column":null}},"13":{"start":{"line":73,"column":0},"end":{"line":73,"column":null}},"14":{"start":{"line":74,"column":0},"end":{"line":74,"column":null}},"15":{"start":{"line":77,"column":0},"end":{"line":77,"column":null}},"16":{"start":{"line":79,"column":0},"end":{"line":92,"column":null}},"17":{"start":{"line":97,"column":0},"end":{"line":99,"column":null}}},"fnMap":{"0":{"name":"useStoreState","decl":{"start":{"line":58,"column":0},"end":{"line":58,"column":null}},"loc":{"start":{"line":58,"column":0},"end":{"line":93,"column":null}}},"1":{"name":"(anonymous_1)","decl":{"start":{"line":61,"column":0},"end":{"line":61,"column":null}},"loc":{"start":{"line":61,"column":0},"end":{"line":61,"column":null}}},"2":{"name":"(anonymous_2)","decl":{"start":{"line":62,"column":0},"end":{"line":62,"column":null}},"loc":{"start":{"line":62,"column":0},"end":{"line":62,"column":null}}},"3":{"name":"(anonymous_3)","decl":{"start":{"line":64,"column":0},"end":{"line":64,"column":null}},"loc":{"start":{"line":64,"column":0},"end":{"line":64,"column":null}}},"4":{"name":"(anonymous_4)","decl":{"start":{"line":65,"column":0},"end":{"line":65,"column":null}},"loc":{"start":{"line":65,"column":0},"end":{"line":65,"column":null}}},"5":{"name":"(anonymous_5)","decl":{"start":{"line":66,"column":0},"end":{"line":66,"column":null}},"loc":{"start":{"line":66,"column":0},"end":{"line":66,"column":null}}},"6":{"name":"(anonymous_6)","decl":{"start":{"line":67,"column":0},"end":{"line":67,"column":null}},"loc":{"start":{"line":67,"column":0},"end":{"line":67,"column":null}}},"7":{"name":"(anonymous_7)","decl":{"start":{"line":68,"column":0},"end":{"line":68,"column":null}},"loc":{"start":{"line":68,"column":0},"end":{"line":68,"column":null}}},"8":{"name":"(anonymous_8)","decl":{"start":{"line":69,"column":0},"end":{"line":69,"column":null}},"loc":{"start":{"line":69,"column":0},"end":{"line":69,"column":null}}},"9":{"name":"(anonymous_9)","decl":{"start":{"line":70,"column":0},"end":{"line":70,"column":null}},"loc":{"start":{"line":70,"column":0},"end":{"line":70,"column":null}}},"10":{"name":"(anonymous_10)","decl":{"start":{"line":71,"column":0},"end":{"line":71,"column":null}},"loc":{"start":{"line":71,"column":0},"end":{"line":71,"column":null}}},"11":{"name":"(anonymous_11)","decl":{"start":{"line":72,"column":0},"end":{"line":72,"column":null}},"loc":{"start":{"line":72,"column":0},"end":{"line":72,"column":null}}},"12":{"name":"(anonymous_12)","decl":{"start":{"line":73,"column":0},"end":{"line":73,"column":null}},"loc":{"start":{"line":73,"column":0},"end":{"line":73,"column":null}}},"13":{"name":"(anonymous_13)","decl":{"start":{"line":74,"column":0},"end":{"line":74,"column":null}},"loc":{"start":{"line":74,"column":0},"end":{"line":74,"column":null}}},"14":{"name":"(anonymous_14)","decl":{"start":{"line":77,"column":0},"end":{"line":77,"column":null}},"loc":{"start":{"line":77,"column":0},"end":{"line":77,"column":null}}},"15":{"name":"(anonymous_16)","decl":{"start":{"line":96,"column":0},"end":{"line":96,"column":null}},"loc":{"start":{"line":96,"column":0},"end":{"line":100,"column":null}}}},"branchMap":{"0":{"loc":{"start":{"line":77,"column":0},"end":{"line":77,"column":null}},"type":"if","locations":[{"start":{"line":77,"column":0},"end":{"line":77,"column":null}},{"start":{"line":77,"column":0},"end":{"line":77,"column":null}}]}},"s":{"0":1,"1":1,"2":1,"3":0,"4":2,"5":2,"6":2,"7":2,"8":2,"9":2,"10":2,"11":2,"12":2,"13":2,"14":2,"15":1,"16":1,"17":1},"f":{"0":1,"1":1,"2":0,"3":1,"4":1,"5":1,"6":1,"7":1,"8":1,"9":1,"10":1,"11":1,"12":1,"13":1,"14":0,"15":1},"b":{"0":[0,0]}}
,"/Users/joaquinricci/Desktop/NotCo/thenotcompany/triagio/components/logos/NotCoLogo.vue": {"path":"/Users/joaquinricci/Desktop/NotCo/thenotcompany/triagio/components/logos/NotCoLogo.vue","statementMap":{},"fnMap":{},"branchMap":{},"s":{},"f":{},"b":{}}
,"/Users/joaquinricci/Desktop/NotCo/thenotcompany/triagio/components/messages/errors/ErrorMessage.vue": {"path":"/Users/joaquinricci/Desktop/NotCo/thenotcompany/triagio/components/messages/errors/ErrorMessage.vue","statementMap":{"0":{"start":{"line":37,"column":0},"end":{"line":39,"column":null}}},"fnMap":{"0":{"name":"(anonymous_0)","decl":{"start":{"line":36,"column":0},"end":{"line":36,"column":null}},"loc":{"start":{"line":36,"column":0},"end":{"line":40,"column":null}}}},"branchMap":{},"s":{"0":0},"f":{"0":0},"b":{}}
,"/Users/joaquinricci/Desktop/NotCo/thenotcompany/triagio/components/messages/errors/FullViewportError.vue": {"path":"/Users/joaquinricci/Desktop/NotCo/thenotcompany/triagio/components/messages/errors/FullViewportError.vue","statementMap":{"0":{"start":{"line":34,"column":0},"end":{"line":36,"column":null}}},"fnMap":{"0":{"name":"(anonymous_0)","decl":{"start":{"line":33,"column":0},"end":{"line":33,"column":null}},"loc":{"start":{"line":33,"column":0},"end":{"line":37,"column":null}}}},"branchMap":{},"s":{"0":0},"f":{"0":0},"b":{}}
,"/Users/joaquinricci/Desktop/NotCo/thenotcompany/triagio/layouts/default.vue": {"path":"/Users/joaquinricci/Desktop/NotCo/thenotcompany/triagio/layouts/default.vue","statementMap":{"0":{"start":{"line":33,"column":0},"end":{"line":36,"column":null}}},"fnMap":{"0":{"name":"(anonymous_0)","decl":{"start":{"line":32,"column":0},"end":{"line":32,"column":null}},"loc":{"start":{"line":32,"column":0},"end":{"line":37,"column":null}}}},"branchMap":{},"s":{"0":1},"f":{"0":1},"b":{}}
,"/Users/joaquinricci/Desktop/NotCo/thenotcompany/triagio/layouts/error.vue": {"path":"/Users/joaquinricci/Desktop/NotCo/thenotcompany/triagio/layouts/error.vue","statementMap":{"0":{"start":{"line":25,"column":0},"end":{"line":28,"column":null}},"1":{"start":{"line":32,"column":0},"end":{"line":32,"column":null}},"2":{"start":{"line":33,"column":0},"end":{"line":35,"column":null}}},"fnMap":{"0":{"name":"(anonymous_0)","decl":{"start":{"line":24,"column":0},"end":{"line":24,"column":null}},"loc":{"start":{"line":24,"column":0},"end":{"line":29,"column":null}}},"1":{"name":"(anonymous_1)","decl":{"start":{"line":30,"column":0},"end":{"line":30,"column":null}},"loc":{"start":{"line":30,"column":0},"end":{"line":36,"column":null}}}},"branchMap":{"0":{"loc":{"start":{"line":32,"column":0},"end":{"line":32,"column":null}},"type":"cond-expr","locations":[{"start":{"line":32,"column":0},"end":{"line":32,"column":null}},{"start":{"line":32,"column":0},"end":{"line":32,"column":null}}]}},"s":{"0":0,"1":0,"2":0},"f":{"0":0,"1":0},"b":{"0":[0,0]}}
,"/Users/joaquinricci/Desktop/NotCo/thenotcompany/triagio/pages/color-palette.vue": {"path":"/Users/joaquinricci/Desktop/NotCo/thenotcompany/triagio/pages/color-palette.vue","statementMap":{},"fnMap":{},"branchMap":{},"s":{},"f":{},"b":{}}
,"/Users/joaquinricci/Desktop/NotCo/thenotcompany/triagio/pages/index.vue": {"path":"/Users/joaquinricci/Desktop/NotCo/thenotcompany/triagio/pages/index.vue","statementMap":{"0":{"start":{"line":15,"column":0},"end":{"line":17,"column":null}}},"fnMap":{"0":{"name":"(anonymous_0)","decl":{"start":{"line":14,"column":0},"end":{"line":14,"column":null}},"loc":{"start":{"line":14,"column":0},"end":{"line":18,"column":null}}}},"branchMap":{},"s":{"0":1},"f":{"0":1},"b":{}}
,"/Users/joaquinricci/Desktop/NotCo/thenotcompany/triagio/pages/not-authorized.vue": {"path":"/Users/joaquinricci/Desktop/NotCo/thenotcompany/triagio/pages/not-authorized.vue","statementMap":{},"fnMap":{},"branchMap":{},"s":{},"f":{},"b":{}}
,"/Users/joaquinricci/Desktop/NotCo/thenotcompany/triagio/store/notifications.js": {"path":"/Users/joaquinricci/Desktop/NotCo/thenotcompany/triagio/store/notifications.js","statementMap":{"0":{"start":{"line":9,"column":21},"end":{"line":22,"column":2}},"1":{"start":{"line":9,"column":28},"end":{"line":22,"column":1}},"2":{"start":{"line":39,"column":2},"end":{"line":39,"column":79}},"3":{"start":{"line":40,"column":2},"end":{"line":40,"column":80}},"4":{"start":{"line":41,"column":2},"end":{"line":41,"column":75}},"5":{"start":{"line":42,"column":2},"end":{"line":42,"column":99}},"6":{"start":{"line":43,"column":2},"end":{"line":43,"column":71}},"7":{"start":{"line":44,"column":2},"end":{"line":44,"column":83}},"8":{"start":{"line":45,"column":2},"end":{"line":45,"column":107}},"9":{"start":{"line":46,"column":2},"end":{"line":46,"column":103}},"10":{"start":{"line":47,"column":2},"end":{"line":47,"column":95}},"11":{"start":{"line":48,"column":2},"end":{"line":48,"column":83}},"12":{"start":{"line":49,"column":2},"end":{"line":49,"column":71}},"13":{"start":{"line":50,"column":2},"end":{"line":50,"column":95}},"14":{"start":{"line":59,"column":2},"end":{"line":59,"column":22}},"15":{"start":{"line":60,"column":2},"end":{"line":60,"column":21}},"16":{"start":{"line":61,"column":2},"end":{"line":61,"column":20}},"17":{"start":{"line":62,"column":2},"end":{"line":62,"column":26}},"18":{"start":{"line":63,"column":2},"end":{"line":63,"column":19}},"19":{"start":{"line":64,"column":2},"end":{"line":64,"column":22}},"20":{"start":{"line":65,"column":2},"end":{"line":65,"column":29}},"21":{"start":{"line":66,"column":2},"end":{"line":66,"column":28}},"22":{"start":{"line":67,"column":2},"end":{"line":67,"column":26}},"23":{"start":{"line":68,"column":2},"end":{"line":68,"column":22}},"24":{"start":{"line":69,"column":2},"end":{"line":69,"column":19}},"25":{"start":{"line":70,"column":2},"end":{"line":70,"column":49}},"26":{"start":{"line":77,"column":25},"end":{"line":80,"column":1}}},"fnMap":{"0":{"name":"(anonymous_0)","decl":{"start":{"line":9,"column":21},"end":{"line":9,"column":22}},"loc":{"start":{"line":9,"column":28},"end":{"line":22,"column":1}},"line":9},"1":{"name":"setState","decl":{"start":{"line":38,"column":9},"end":{"line":38,"column":17}},"loc":{"start":{"line":38,"column":36},"end":{"line":51,"column":1}},"line":38},"2":{"name":"resetState","decl":{"start":{"line":58,"column":9},"end":{"line":58,"column":19}},"loc":{"start":{"line":58,"column":28},"end":{"line":71,"column":1}},"line":58}},"branchMap":{"0":{"loc":{"start":{"line":39,"column":17},"end":{"line":39,"column":79}},"type":"cond-expr","locations":[{"start":{"line":39,"column":49},"end":{"line":39,"column":64}},{"start":{"line":39,"column":67},"end":{"line":39,"column":79}}],"line":39},"1":{"loc":{"start":{"line":40,"column":17},"end":{"line":40,"column":80}},"type":"cond-expr","locations":[{"start":{"line":40,"column":50},"end":{"line":40,"column":65}},{"start":{"line":40,"column":68},"end":{"line":40,"column":80}}],"line":40},"2":{"loc":{"start":{"line":41,"column":16},"end":{"line":41,"column":75}},"type":"cond-expr","locations":[{"start":{"line":41,"column":47},"end":{"line":41,"column":61}},{"start":{"line":41,"column":64},"end":{"line":41,"column":75}}],"line":41},"3":{"loc":{"start":{"line":42,"column":22},"end":{"line":42,"column":99}},"type":"cond-expr","locations":[{"start":{"line":42,"column":59},"end":{"line":42,"column":79}},{"start":{"line":42,"column":82},"end":{"line":42,"column":99}}],"line":42},"4":{"loc":{"start":{"line":43,"column":15},"end":{"line":43,"column":71}},"type":"cond-expr","locations":[{"start":{"line":43,"column":45},"end":{"line":43,"column":58}},{"start":{"line":43,"column":61},"end":{"line":43,"column":71}}],"line":43},"5":{"loc":{"start":{"line":44,"column":18},"end":{"line":44,"column":83}},"type":"cond-expr","locations":[{"start":{"line":44,"column":51},"end":{"line":44,"column":67}},{"start":{"line":44,"column":70},"end":{"line":44,"column":83}}],"line":44},"6":{"loc":{"start":{"line":45,"column":24},"end":{"line":45,"column":107}},"type":"cond-expr","locations":[{"start":{"line":45,"column":63},"end":{"line":45,"column":85}},{"start":{"line":45,"column":88},"end":{"line":45,"column":107}}],"line":45},"7":{"loc":{"start":{"line":46,"column":23},"end":{"line":46,"column":103}},"type":"cond-expr","locations":[{"start":{"line":46,"column":61},"end":{"line":46,"column":82}},{"start":{"line":46,"column":85},"end":{"line":46,"column":103}}],"line":46},"8":{"loc":{"start":{"line":47,"column":21},"end":{"line":47,"column":95}},"type":"cond-expr","locations":[{"start":{"line":47,"column":57},"end":{"line":47,"column":76}},{"start":{"line":47,"column":79},"end":{"line":47,"column":95}}],"line":47},"9":{"loc":{"start":{"line":48,"column":18},"end":{"line":48,"column":83}},"type":"cond-expr","locations":[{"start":{"line":48,"column":51},"end":{"line":48,"column":67}},{"start":{"line":48,"column":70},"end":{"line":48,"column":83}}],"line":48},"10":{"loc":{"start":{"line":49,"column":14},"end":{"line":49,"column":71}},"type":"cond-expr","locations":[{"start":{"line":49,"column":47},"end":{"line":49,"column":59}},{"start":{"line":49,"column":62},"end":{"line":49,"column":71}}],"line":49},"11":{"loc":{"start":{"line":50,"column":21},"end":{"line":50,"column":95}},"type":"cond-expr","locations":[{"start":{"line":50,"column":57},"end":{"line":50,"column":76}},{"start":{"line":50,"column":79},"end":{"line":50,"column":95}}],"line":50}},"s":{"0":1,"1":1,"2":0,"3":0,"4":0,"5":0,"6":0,"7":0,"8":0,"9":0,"10":0,"11":0,"12":0,"13":0,"14":0,"15":0,"16":0,"17":0,"18":0,"19":0,"20":0,"21":0,"22":0,"23":0,"24":0,"25":0,"26":1},"f":{"0":1,"1":0,"2":0},"b":{"0":[0,0],"1":[0,0],"2":[0,0],"3":[0,0],"4":[0,0],"5":[0,0],"6":[0,0],"7":[0,0],"8":[0,0],"9":[0,0],"10":[0,0],"11":[0,0]},"_coverageSchema":"1a1c01bbd47fc00a2c39e90264f33305004495a9","hash":"f88b567722da93bdd0ac96cab1b9ef14a78f80f8"}
,"/Users/joaquinricci/Desktop/NotCo/thenotcompany/triagio/store/user.js": {"path":"/Users/joaquinricci/Desktop/NotCo/thenotcompany/triagio/store/user.js","statementMap":{"0":{"start":{"line":10,"column":24},"end":{"line":10,"column":45}},"1":{"start":{"line":16,"column":21},"end":{"line":22,"column":2}},"2":{"start":{"line":16,"column":28},"end":{"line":22,"column":1}},"3":{"start":{"line":35,"column":2},"end":{"line":35,"column":21}},"4":{"start":{"line":46,"column":2},"end":{"line":46,"column":23}},"5":{"start":{"line":56,"column":2},"end":{"line":56,"column":33}},"6":{"start":{"line":66,"column":2},"end":{"line":66,"column":27}},"7":{"start":{"line":87,"column":16},"end":{"line":100,"column":3}},"8":{"start":{"line":102,"column":15},"end":{"line":102,"column":51}},"9":{"start":{"line":103,"column":51},"end":{"line":103,"column":60}},"10":{"start":{"line":105,"column":2},"end":{"line":105,"column":27}},"11":{"start":{"line":106,"column":2},"end":{"line":106,"column":29}},"12":{"start":{"line":107,"column":2},"end":{"line":107,"column":39}},"13":{"start":{"line":108,"column":2},"end":{"line":108,"column":33}},"14":{"start":{"line":115,"column":25},"end":{"line":121,"column":1}},"15":{"start":{"line":123,"column":23},"end":{"line":125,"column":1}}},"fnMap":{"0":{"name":"(anonymous_0)","decl":{"start":{"line":16,"column":21},"end":{"line":16,"column":22}},"loc":{"start":{"line":16,"column":28},"end":{"line":22,"column":1}},"line":16},"1":{"name":"setEmail","decl":{"start":{"line":34,"column":9},"end":{"line":34,"column":17}},"loc":{"start":{"line":34,"column":33},"end":{"line":36,"column":1}},"line":34},"2":{"name":"setGroups","decl":{"start":{"line":45,"column":9},"end":{"line":45,"column":18}},"loc":{"start":{"line":45,"column":35},"end":{"line":47,"column":1}},"line":45},"3":{"name":"setPermissions","decl":{"start":{"line":55,"column":9},"end":{"line":55,"column":23}},"loc":{"start":{"line":55,"column":45},"end":{"line":57,"column":1}},"line":55},"4":{"name":"setUsername","decl":{"start":{"line":65,"column":9},"end":{"line":65,"column":20}},"loc":{"start":{"line":65,"column":39},"end":{"line":67,"column":1}},"line":65},"5":{"name":"getUserData","decl":{"start":{"line":86,"column":15},"end":{"line":86,"column":26}},"loc":{"start":{"line":86,"column":40},"end":{"line":109,"column":1}},"line":86}},"branchMap":{},"s":{"0":1,"1":1,"2":1,"3":0,"4":0,"5":0,"6":0,"7":1,"8":1,"9":0,"10":0,"11":0,"12":0,"13":0,"14":1,"15":1},"f":{"0":1,"1":0,"2":0,"3":0,"4":0,"5":1},"b":{},"_coverageSchema":"1a1c01bbd47fc00a2c39e90264f33305004495a9","hash":"e5228871d6f23aa5f581e120ec750a9d58c25067"}
}
