{"total": {"lines":{"total":67,"covered":28,"skipped":0,"pct":41.79},"statements":{"total":69,"covered":30,"skipped":0,"pct":43.48},"functions":{"total":32,"covered":20,"skipped":0,"pct":62.5},"branches":{"total":28,"covered":0,"skipped":0,"pct":0}}
,"/Users/joaquinricci/Desktop/NotCo/thenotcompany/triagio/components/LoadingPage.vue": {"lines":{"total":0,"covered":0,"skipped":0,"pct":100},"functions":{"total":0,"covered":0,"skipped":0,"pct":100},"statements":{"total":0,"covered":0,"skipped":0,"pct":100},"branches":{"total":0,"covered":0,"skipped":0,"pct":100}}
,"/Users/joaquinricci/Desktop/NotCo/thenotcompany/triagio/components/layouts/AppBar.vue": {"lines":{"total":1,"covered":1,"skipped":0,"pct":100},"functions":{"total":1,"covered":1,"skipped":0,"pct":100},"statements":{"total":1,"covered":1,"skipped":0,"pct":100},"branches":{"total":0,"covered":0,"skipped":0,"pct":100}}
,"/Users/joaquinricci/Desktop/NotCo/thenotcompany/triagio/components/layouts/AppFooter.vue": {"lines":{"total":0,"covered":0,"skipped":0,"pct":100},"functions":{"total":0,"covered":0,"skipped":0,"pct":100},"statements":{"total":0,"covered":0,"skipped":0,"pct":100},"branches":{"total":0,"covered":0,"skipped":0,"pct":100}}
,"/Users/joaquinricci/Desktop/NotCo/thenotcompany/triagio/components/layouts/AppNotifications.vue": {"lines":{"total":18,"covered":17,"skipped":0,"pct":94.44},"functions":{"total":16,"covered":14,"skipped":0,"pct":87.5},"statements":{"total":18,"covered":17,"skipped":0,"pct":94.44},"branches":{"total":2,"covered":0,"skipped":0,"pct":0}}
,"/Users/joaquinricci/Desktop/NotCo/thenotcompany/triagio/components/logos/NotCoLogo.vue": {"lines":{"total":0,"covered":0,"skipped":0,"pct":100},"functions":{"total":0,"covered":0,"skipped":0,"pct":100},"statements":{"total":0,"covered":0,"skipped":0,"pct":100},"branches":{"total":0,"covered":0,"skipped":0,"pct":100}}
,"/Users/joaquinricci/Desktop/NotCo/thenotcompany/triagio/components/messages/errors/ErrorMessage.vue": {"lines":{"total":1,"covered":0,"skipped":0,"pct":0},"functions":{"total":1,"covered":0,"skipped":0,"pct":0},"statements":{"total":1,"covered":0,"skipped":0,"pct":0},"branches":{"total":0,"covered":0,"skipped":0,"pct":100}}
,"/Users/joaquinricci/Desktop/NotCo/thenotcompany/triagio/components/messages/errors/FullViewportError.vue": {"lines":{"total":1,"covered":0,"skipped":0,"pct":0},"functions":{"total":1,"covered":0,"skipped":0,"pct":0},"statements":{"total":1,"covered":0,"skipped":0,"pct":0},"branches":{"total":0,"covered":0,"skipped":0,"pct":100}}
,"/Users/joaquinricci/Desktop/NotCo/thenotcompany/triagio/layouts/default.vue": {"lines":{"total":1,"covered":1,"skipped":0,"pct":100},"functions":{"total":1,"covered":1,"skipped":0,"pct":100},"statements":{"total":1,"covered":1,"skipped":0,"pct":100},"branches":{"total":0,"covered":0,"skipped":0,"pct":100}}
,"/Users/joaquinricci/Desktop/NotCo/thenotcompany/triagio/layouts/error.vue": {"lines":{"total":3,"covered":0,"skipped":0,"pct":0},"functions":{"total":2,"covered":0,"skipped":0,"pct":0},"statements":{"total":3,"covered":0,"skipped":0,"pct":0},"branches":{"total":2,"covered":0,"skipped":0,"pct":0}}
,"/Users/joaquinricci/Desktop/NotCo/thenotcompany/triagio/pages/color-palette.vue": {"lines":{"total":0,"covered":0,"skipped":0,"pct":100},"functions":{"total":0,"covered":0,"skipped":0,"pct":100},"statements":{"total":0,"covered":0,"skipped":0,"pct":100},"branches":{"total":0,"covered":0,"skipped":0,"pct":100}}
,"/Users/joaquinricci/Desktop/NotCo/thenotcompany/triagio/pages/index.vue": {"lines":{"total":1,"covered":1,"skipped":0,"pct":100},"functions":{"total":1,"covered":1,"skipped":0,"pct":100},"statements":{"total":1,"covered":1,"skipped":0,"pct":100},"branches":{"total":0,"covered":0,"skipped":0,"pct":100}}
,"/Users/joaquinricci/Desktop/NotCo/thenotcompany/triagio/pages/not-authorized.vue": {"lines":{"total":0,"covered":0,"skipped":0,"pct":100},"functions":{"total":0,"covered":0,"skipped":0,"pct":100},"statements":{"total":0,"covered":0,"skipped":0,"pct":100},"branches":{"total":0,"covered":0,"skipped":0,"pct":100}}
,"/Users/joaquinricci/Desktop/NotCo/thenotcompany/triagio/store/notifications.js": {"lines":{"total":26,"covered":2,"skipped":0,"pct":7.69},"functions":{"total":3,"covered":1,"skipped":0,"pct":33.33},"statements":{"total":27,"covered":3,"skipped":0,"pct":11.11},"branches":{"total":24,"covered":0,"skipped":0,"pct":0}}
,"/Users/joaquinricci/Desktop/NotCo/thenotcompany/triagio/store/user.js": {"lines":{"total":15,"covered":6,"skipped":0,"pct":40},"functions":{"total":6,"covered":2,"skipped":0,"pct":33.33},"statements":{"total":16,"covered":7,"skipped":0,"pct":43.75},"branches":{"total":0,"covered":0,"skipped":0,"pct":100}}
}
